<?xml version="1.0" encoding="UTF-8"?>
<!-- Generated by org.testng.reporters.JUnitReportReporter -->
<testsuite hostname="METHRE" failures="0" tests="3" name="filesPayload.DynamicJson" time="3.908" errors="0" timestamp="2023-11-03T16:28:07 IST" skipped="0">
  <testcase classname="filesPayload.DynamicJson" name="addBook" time="0.247"/>
  <testcase classname="filesPayload.DynamicJson" name="addBook" time="0.258"/>
  <testcase classname="filesPayload.DynamicJson" name="addBook" time="3.403"/>
</testsuite> <!-- filesPayload.DynamicJson -->
