<?xml version="1.0" encoding="UTF-8"?>
<!-- Generated by org.testng.reporters.JUnitReportReporter -->
<testsuite hostname="METHRE" failures="0" tests="1" name="SumValidation" time="2.546" errors="0" timestamp="2023-11-02T23:04:16 IST" skipped="0">
  <testcase classname="SumValidation" name="SumOfCourses" time="2.546"/>
</testsuite> <!-- SumValidation -->
